mode: set
/home/raramuri/Desktop/GoLang/Projects/Project3/main.go:26.40,34.25 6 1
/home/raramuri/Desktop/GoLang/Projects/Project3/main.go:34.25,35.30 1 0
/home/raramuri/Desktop/GoLang/Projects/Project3/main.go:43.65,46.15 2 1
/home/raramuri/Desktop/GoLang/Projects/Project3/main.go:50.2,52.16 2 1
/home/raramuri/Desktop/GoLang/Projects/Project3/main.go:56.2,58.22 2 1
/home/raramuri/Desktop/GoLang/Projects/Project3/main.go:70.2,70.16 1 1
/home/raramuri/Desktop/GoLang/Projects/Project3/main.go:46.15,48.3 1 1
/home/raramuri/Desktop/GoLang/Projects/Project3/main.go:52.16,54.3 1 0
/home/raramuri/Desktop/GoLang/Projects/Project3/main.go:58.22,62.17 4 1
/home/raramuri/Desktop/GoLang/Projects/Project3/main.go:65.3,65.48 1 1
/home/raramuri/Desktop/GoLang/Projects/Project3/main.go:62.17,64.4 1 0
/home/raramuri/Desktop/GoLang/Projects/Project3/main.go:66.8,69.3 2 1
/home/raramuri/Desktop/GoLang/Projects/Project3/main.go:73.62,76.15 2 1
/home/raramuri/Desktop/GoLang/Projects/Project3/main.go:80.2,81.16 2 1
/home/raramuri/Desktop/GoLang/Projects/Project3/main.go:84.2,86.18 2 1
/home/raramuri/Desktop/GoLang/Projects/Project3/main.go:89.2,89.12 1 1
/home/raramuri/Desktop/GoLang/Projects/Project3/main.go:76.15,78.3 1 1
/home/raramuri/Desktop/GoLang/Projects/Project3/main.go:81.16,83.3 1 0
/home/raramuri/Desktop/GoLang/Projects/Project3/main.go:86.18,88.3 1 0
/home/raramuri/Desktop/GoLang/Projects/Project3/main.go:92.63,95.15 2 1
/home/raramuri/Desktop/GoLang/Projects/Project3/main.go:99.2,100.16 2 1
/home/raramuri/Desktop/GoLang/Projects/Project3/main.go:103.2,105.23 3 1
/home/raramuri/Desktop/GoLang/Projects/Project3/main.go:109.2,109.12 1 1
/home/raramuri/Desktop/GoLang/Projects/Project3/main.go:95.15,97.3 1 1
/home/raramuri/Desktop/GoLang/Projects/Project3/main.go:100.16,102.3 1 0
/home/raramuri/Desktop/GoLang/Projects/Project3/main.go:105.23,108.3 2 1
/home/raramuri/Desktop/GoLang/Projects/Project3/main.go:112.62,115.15 2 1
/home/raramuri/Desktop/GoLang/Projects/Project3/main.go:119.2,120.16 2 1
/home/raramuri/Desktop/GoLang/Projects/Project3/main.go:124.2,125.16 2 1
/home/raramuri/Desktop/GoLang/Projects/Project3/main.go:128.2,129.23 2 1
/home/raramuri/Desktop/GoLang/Projects/Project3/main.go:133.2,133.12 1 1
/home/raramuri/Desktop/GoLang/Projects/Project3/main.go:115.15,117.3 1 1
/home/raramuri/Desktop/GoLang/Projects/Project3/main.go:120.16,122.3 1 0
/home/raramuri/Desktop/GoLang/Projects/Project3/main.go:125.16,127.3 1 0
/home/raramuri/Desktop/GoLang/Projects/Project3/main.go:129.23,132.3 2 1
/home/raramuri/Desktop/GoLang/Projects/Project3/main.go:140.67,142.25 1 0
/home/raramuri/Desktop/GoLang/Projects/Project3/main.go:147.2,153.16 6 0
/home/raramuri/Desktop/GoLang/Projects/Project3/main.go:157.2,158.16 2 0
/home/raramuri/Desktop/GoLang/Projects/Project3/main.go:163.2,164.39 2 0
/home/raramuri/Desktop/GoLang/Projects/Project3/main.go:142.25,145.3 2 0
/home/raramuri/Desktop/GoLang/Projects/Project3/main.go:153.16,156.3 2 0
/home/raramuri/Desktop/GoLang/Projects/Project3/main.go:158.16,161.3 2 0
/home/raramuri/Desktop/GoLang/Projects/Project3/main.go:168.70,170.26 1 0
/home/raramuri/Desktop/GoLang/Projects/Project3/main.go:175.2,185.16 11 0
/home/raramuri/Desktop/GoLang/Projects/Project3/main.go:190.2,190.51 1 0
/home/raramuri/Desktop/GoLang/Projects/Project3/main.go:170.26,173.3 2 0
/home/raramuri/Desktop/GoLang/Projects/Project3/main.go:185.16,188.3 2 0
/home/raramuri/Desktop/GoLang/Projects/Project3/main.go:193.71,195.25 1 0
/home/raramuri/Desktop/GoLang/Projects/Project3/main.go:200.2,208.16 7 0
/home/raramuri/Desktop/GoLang/Projects/Project3/main.go:212.2,216.16 5 0
/home/raramuri/Desktop/GoLang/Projects/Project3/main.go:219.2,220.16 2 0
/home/raramuri/Desktop/GoLang/Projects/Project3/main.go:195.25,198.3 2 0
/home/raramuri/Desktop/GoLang/Projects/Project3/main.go:208.16,210.3 1 0
/home/raramuri/Desktop/GoLang/Projects/Project3/main.go:216.16,218.3 1 0
/home/raramuri/Desktop/GoLang/Projects/Project3/main.go:220.16,222.3 1 0
/home/raramuri/Desktop/GoLang/Projects/Project3/main.go:222.8,224.3 1 0
/home/raramuri/Desktop/GoLang/Projects/Project3/main.go:227.71,228.28 1 0
/home/raramuri/Desktop/GoLang/Projects/Project3/main.go:232.2,237.16 5 0
/home/raramuri/Desktop/GoLang/Projects/Project3/main.go:241.2,244.16 3 0
/home/raramuri/Desktop/GoLang/Projects/Project3/main.go:249.2,249.50 1 0
/home/raramuri/Desktop/GoLang/Projects/Project3/main.go:228.28,231.3 2 0
/home/raramuri/Desktop/GoLang/Projects/Project3/main.go:237.16,240.3 2 0
/home/raramuri/Desktop/GoLang/Projects/Project3/main.go:244.16,247.3 2 0
/home/raramuri/Desktop/GoLang/Projects/Project3/main.go:253.12,262.2 6 0
