mode: set
/home/raramuri/Desktop/GoLang/Onion_Architecture/store/EmployeeStore/store.go:15.36,17.2 1 1
/home/raramuri/Desktop/GoLang/Onion_Architecture/store/EmployeeStore/store.go:19.70,21.15 2 1
/home/raramuri/Desktop/GoLang/Onion_Architecture/store/EmployeeStore/store.go:24.2,25.16 2 1
/home/raramuri/Desktop/GoLang/Onion_Architecture/store/EmployeeStore/store.go:28.2,29.22 2 0
/home/raramuri/Desktop/GoLang/Onion_Architecture/store/EmployeeStore/store.go:42.2,42.17 1 0
/home/raramuri/Desktop/GoLang/Onion_Architecture/store/EmployeeStore/store.go:21.15,23.3 1 0
/home/raramuri/Desktop/GoLang/Onion_Architecture/store/EmployeeStore/store.go:25.16,27.3 1 1
/home/raramuri/Desktop/GoLang/Onion_Architecture/store/EmployeeStore/store.go:29.22,33.17 4 0
/home/raramuri/Desktop/GoLang/Onion_Architecture/store/EmployeeStore/store.go:36.3,36.103 1 0
/home/raramuri/Desktop/GoLang/Onion_Architecture/store/EmployeeStore/store.go:33.17,35.4 1 0
/home/raramuri/Desktop/GoLang/Onion_Architecture/store/EmployeeStore/store.go:38.8,41.3 2 0
/home/raramuri/Desktop/GoLang/Onion_Architecture/store/EmployeeStore/store.go:45.87,48.15 2 1
/home/raramuri/Desktop/GoLang/Onion_Architecture/store/EmployeeStore/store.go:52.2,53.16 2 1
/home/raramuri/Desktop/GoLang/Onion_Architecture/store/EmployeeStore/store.go:56.2,58.18 2 0
/home/raramuri/Desktop/GoLang/Onion_Architecture/store/EmployeeStore/store.go:61.2,61.21 1 0
/home/raramuri/Desktop/GoLang/Onion_Architecture/store/EmployeeStore/store.go:48.15,50.3 1 0
/home/raramuri/Desktop/GoLang/Onion_Architecture/store/EmployeeStore/store.go:53.16,55.3 1 1
/home/raramuri/Desktop/GoLang/Onion_Architecture/store/EmployeeStore/store.go:58.18,60.3 1 0
/home/raramuri/Desktop/GoLang/Onion_Architecture/store/EmployeeStore/store.go:64.82,66.15 2 1
/home/raramuri/Desktop/GoLang/Onion_Architecture/store/EmployeeStore/store.go:69.2,70.16 2 1
/home/raramuri/Desktop/GoLang/Onion_Architecture/store/EmployeeStore/store.go:73.2,74.16 2 0
/home/raramuri/Desktop/GoLang/Onion_Architecture/store/EmployeeStore/store.go:78.2,80.23 2 0
/home/raramuri/Desktop/GoLang/Onion_Architecture/store/EmployeeStore/store.go:83.2,83.21 1 0
/home/raramuri/Desktop/GoLang/Onion_Architecture/store/EmployeeStore/store.go:66.15,68.3 1 0
/home/raramuri/Desktop/GoLang/Onion_Architecture/store/EmployeeStore/store.go:70.16,72.3 1 1
/home/raramuri/Desktop/GoLang/Onion_Architecture/store/EmployeeStore/store.go:74.16,77.3 2 0
/home/raramuri/Desktop/GoLang/Onion_Architecture/store/EmployeeStore/store.go:80.23,82.3 1 0
/home/raramuri/Desktop/GoLang/Onion_Architecture/store/EmployeeStore/store.go:86.72,91.16 3 1
/home/raramuri/Desktop/GoLang/Onion_Architecture/store/EmployeeStore/store.go:94.2,94.15 1 0
/home/raramuri/Desktop/GoLang/Onion_Architecture/store/EmployeeStore/store.go:98.2,99.16 2 0
/home/raramuri/Desktop/GoLang/Onion_Architecture/store/EmployeeStore/store.go:103.2,104.16 2 0
/home/raramuri/Desktop/GoLang/Onion_Architecture/store/EmployeeStore/store.go:107.2,108.23 2 0
/home/raramuri/Desktop/GoLang/Onion_Architecture/store/EmployeeStore/store.go:112.2,112.21 1 0
/home/raramuri/Desktop/GoLang/Onion_Architecture/store/EmployeeStore/store.go:91.16,93.3 1 1
/home/raramuri/Desktop/GoLang/Onion_Architecture/store/EmployeeStore/store.go:94.15,96.3 1 0
/home/raramuri/Desktop/GoLang/Onion_Architecture/store/EmployeeStore/store.go:99.16,101.3 1 0
/home/raramuri/Desktop/GoLang/Onion_Architecture/store/EmployeeStore/store.go:104.16,106.3 1 0
/home/raramuri/Desktop/GoLang/Onion_Architecture/store/EmployeeStore/store.go:108.23,111.3 2 0
