mode: set
/home/raramuri/Desktop/GoLang/Onion_Architecture/delivery/EmployeeDelivery/http.go:21.63,23.2 1 1
/home/raramuri/Desktop/GoLang/Onion_Architecture/delivery/EmployeeDelivery/http.go:25.84,26.20 1 1
/home/raramuri/Desktop/GoLang/Onion_Architecture/delivery/EmployeeDelivery/http.go:27.22,29.30 2 1
/home/raramuri/Desktop/GoLang/Onion_Architecture/delivery/EmployeeDelivery/http.go:30.23,32.29 2 1
/home/raramuri/Desktop/GoLang/Onion_Architecture/delivery/EmployeeDelivery/http.go:33.22,35.29 2 1
/home/raramuri/Desktop/GoLang/Onion_Architecture/delivery/EmployeeDelivery/http.go:36.25,38.29 2 1
/home/raramuri/Desktop/GoLang/Onion_Architecture/delivery/EmployeeDelivery/http.go:39.10,40.47 1 1
/home/raramuri/Desktop/GoLang/Onion_Architecture/delivery/EmployeeDelivery/http.go:44.85,48.16 3 1
/home/raramuri/Desktop/GoLang/Onion_Architecture/delivery/EmployeeDelivery/http.go:55.2,57.16 2 1
/home/raramuri/Desktop/GoLang/Onion_Architecture/delivery/EmployeeDelivery/http.go:63.2,65.32 3 1
/home/raramuri/Desktop/GoLang/Onion_Architecture/delivery/EmployeeDelivery/http.go:48.16,53.3 4 1
/home/raramuri/Desktop/GoLang/Onion_Architecture/delivery/EmployeeDelivery/http.go:57.16,62.3 4 1
/home/raramuri/Desktop/GoLang/Onion_Architecture/delivery/EmployeeDelivery/http.go:68.84,74.16 4 1
/home/raramuri/Desktop/GoLang/Onion_Architecture/delivery/EmployeeDelivery/http.go:80.2,81.16 2 1
/home/raramuri/Desktop/GoLang/Onion_Architecture/delivery/EmployeeDelivery/http.go:88.2,90.32 3 1
/home/raramuri/Desktop/GoLang/Onion_Architecture/delivery/EmployeeDelivery/http.go:74.16,78.3 3 1
/home/raramuri/Desktop/GoLang/Onion_Architecture/delivery/EmployeeDelivery/http.go:81.16,86.3 4 1
/home/raramuri/Desktop/GoLang/Onion_Architecture/delivery/EmployeeDelivery/http.go:93.84,97.16 3 1
/home/raramuri/Desktop/GoLang/Onion_Architecture/delivery/EmployeeDelivery/http.go:104.2,108.16 5 1
/home/raramuri/Desktop/GoLang/Onion_Architecture/delivery/EmployeeDelivery/http.go:114.2,116.32 3 1
/home/raramuri/Desktop/GoLang/Onion_Architecture/delivery/EmployeeDelivery/http.go:97.16,102.3 4 1
/home/raramuri/Desktop/GoLang/Onion_Architecture/delivery/EmployeeDelivery/http.go:108.16,113.3 4 1
/home/raramuri/Desktop/GoLang/Onion_Architecture/delivery/EmployeeDelivery/http.go:119.84,123.16 3 1
/home/raramuri/Desktop/GoLang/Onion_Architecture/delivery/EmployeeDelivery/http.go:129.2,131.16 2 1
/home/raramuri/Desktop/GoLang/Onion_Architecture/delivery/EmployeeDelivery/http.go:137.2,139.32 3 1
/home/raramuri/Desktop/GoLang/Onion_Architecture/delivery/EmployeeDelivery/http.go:123.16,128.3 4 1
/home/raramuri/Desktop/GoLang/Onion_Architecture/delivery/EmployeeDelivery/http.go:131.16,136.3 4 1
